{"contracts\\OracleResolver.sol":{"l":{"21":26,"22":25,"31":16,"37":13,"38":13,"39":13,"40":13,"44":2,"45":1,"46":1,"47":1,"51":17,"52":13,"56":8,"57":7,"58":7},"path":"C:\\Users\\Sythe\\OneDrive\\Documents\\matchmind Xlayer\\matchmind\\contracts\\OracleResolver.sol","s":{"1":26,"2":16,"3":13,"4":2,"5":1,"6":1,"7":17,"8":13,"9":8,"10":7,"11":7},"b":{"1":[1,25],"2":[3,13],"3":[1,1],"4":[1,1],"5":[2,1],"6":[1,1],"7":[17,1],"8":[8,0]},"f":{"1":26,"2":16,"3":2,"4":17,"5":8},"fnMap":{"1":{"name":"onlyBackend","line":20,"loc":{"start":{"line":20,"column":4},"end":{"line":23,"column":4}}},"2":{"name":"constructor","line":30,"loc":{"start":{"line":25,"column":4},"end":{"line":41,"column":4}}},"3":{"name":"setBackend","line":43,"loc":{"start":{"line":43,"column":4},"end":{"line":48,"column":4}}},"4":{"name":"openMarket","line":50,"loc":{"start":{"line":50,"column":4},"end":{"line":53,"column":4}}},"5":{"name":"resolveMatch","line":55,"loc":{"start":{"line":55,"column":4},"end":{"line":59,"column":4}}}},"statementMap":{"1":{"start":{"line":21,"column":8},"end":{"line":21,"column":56}},"2":{"start":{"line":31,"column":8},"end":{"line":31,"column":1080}},"3":{"start":{"line":40,"column":8},"end":{"line":40,"column":55}},"4":{"start":{"line":44,"column":8},"end":{"line":44,"column":58}},"5":{"start":{"line":45,"column":8},"end":{"line":45,"column":36}},"6":{"start":{"line":47,"column":8},"end":{"line":47,"column":51}},"7":{"start":{"line":51,"column":8},"end":{"line":51,"column":56}},"8":{"start":{"line":52,"column":8},"end":{"line":52,"column":59}},"9":{"start":{"line":56,"column":8},"end":{"line":56,"column":51}},"10":{"start":{"line":57,"column":8},"end":{"line":57,"column":53}},"11":{"start":{"line":58,"column":8},"end":{"line":58,"column":72}}},"branchMap":{"1":{"line":21,"type":"if","locations":[{"start":{"line":21,"column":8},"end":{"line":21,"column":8}},{"start":{"line":21,"column":8},"end":{"line":21,"column":8}}]},"2":{"line":31,"type":"if","locations":[{"start":{"line":31,"column":8},"end":{"line":31,"column":8}},{"start":{"line":31,"column":8},"end":{"line":31,"column":8}}]},"3":{"line":32,"type":"cond-expr","locations":[{"start":{"line":32,"column":12},"end":{"line":32,"column":43}},{"start":{"line":33,"column":12},"end":{"line":33,"column":43}}]},"4":{"line":32,"type":"cond-expr","locations":[{"start":{"line":32,"column":12},"end":{"line":33,"column":43}},{"start":{"line":34,"column":12},"end":{"line":34,"column":39}}]},"5":{"line":43,"type":"if","locations":[{"start":{"line":43,"column":53},"end":{"line":43,"column":53}},{"start":{"line":43,"column":53},"end":{"line":43,"column":53}}]},"6":{"line":44,"type":"if","locations":[{"start":{"line":44,"column":8},"end":{"line":44,"column":8}},{"start":{"line":44,"column":8},"end":{"line":44,"column":8}}]},"7":{"line":50,"type":"if","locations":[{"start":{"line":50,"column":66},"end":{"line":50,"column":66}},{"start":{"line":50,"column":66},"end":{"line":50,"column":66}}]},"8":{"line":55,"type":"if","locations":[{"start":{"line":55,"column":71},"end":{"line":55,"column":71}},{"start":{"line":55,"column":71},"end":{"line":55,"column":71}}]}}},"contracts\\PredictionRegistry.sol":{"l":{"50":23,"51":22,"55":12,"56":11,"60":19,"61":18,"62":18,"66":2,"67":1,"68":1,"69":1,"73":19,"74":18,"75":18,"76":18,"85":22,"86":21,"87":20,"88":18,"90":17,"99":17,"101":17,"105":11,"107":10,"108":10,"110":8,"111":8,"113":8,"117":4,"118":3},"path":"C:\\Users\\Sythe\\OneDrive\\Documents\\matchmind Xlayer\\matchmind\\contracts\\PredictionRegistry.sol","s":{"1":23,"2":12,"3":19,"4":18,"5":2,"6":1,"7":1,"8":19,"9":18,"10":18,"11":22,"12":21,"13":20,"14":18,"15":17,"16":11,"17":10,"18":10,"19":8,"20":4,"21":3},"b":{"1":[1,22],"2":[1,11],"3":[1,18],"4":[2,0],"5":[1,1],"6":[19,0],"7":[1,18],"8":[22,1],"9":[1,21],"10":[1,20],"11":[2,18],"12":[1,1],"13":[1,17],"14":[11,1],"15":[1,10],"16":[2,8],"17":[1,3]},"f":{"1":23,"2":12,"3":19,"4":2,"5":19,"6":22,"7":11,"8":4},"fnMap":{"1":{"name":"onlyAgent","line":49,"loc":{"start":{"line":49,"column":4},"end":{"line":52,"column":4}}},"2":{"name":"onlyResolver","line":54,"loc":{"start":{"line":54,"column":4},"end":{"line":57,"column":4}}},"3":{"name":"constructor","line":59,"loc":{"start":{"line":59,"column":4},"end":{"line":63,"column":4}}},"4":{"name":"setAgent","line":65,"loc":{"start":{"line":65,"column":4},"end":{"line":70,"column":4}}},"5":{"name":"setResolver","line":72,"loc":{"start":{"line":72,"column":4},"end":{"line":77,"column":4}}},"6":{"name":"submitPrediction","line":84,"loc":{"start":{"line":79,"column":4},"end":{"line":102,"column":4}}},"7":{"name":"markResolved","line":104,"loc":{"start":{"line":104,"column":4},"end":{"line":114,"column":4}}},"8":{"name":"getPrediction","line":116,"loc":{"start":{"line":116,"column":4},"end":{"line":119,"column":4}}}},"statementMap":{"1":{"start":{"line":50,"column":8},"end":{"line":50,"column":54}},"2":{"start":{"line":55,"column":8},"end":{"line":55,"column":57}},"3":{"start":{"line":60,"column":8},"end":{"line":60,"column":60}},"4":{"start":{"line":62,"column":8},"end":{"line":62,"column":51}},"5":{"start":{"line":66,"column":8},"end":{"line":66,"column":56}},"6":{"start":{"line":67,"column":8},"end":{"line":67,"column":32}},"7":{"start":{"line":69,"column":8},"end":{"line":69,"column":45}},"8":{"start":{"line":73,"column":8},"end":{"line":73,"column":59}},"9":{"start":{"line":74,"column":8},"end":{"line":74,"column":38}},"10":{"start":{"line":76,"column":8},"end":{"line":76,"column":54}},"11":{"start":{"line":85,"column":8},"end":{"line":85,"column":61}},"12":{"start":{"line":86,"column":8},"end":{"line":86,"column":70}},"13":{"start":{"line":87,"column":8},"end":{"line":87,"column":75}},"14":{"start":{"line":88,"column":8},"end":{"line":88,"column":62}},"15":{"start":{"line":101,"column":8},"end":{"line":101,"column":93}},"16":{"start":{"line":105,"column":8},"end":{"line":105,"column":63}},"17":{"start":{"line":107,"column":8},"end":{"line":107,"column":60}},"18":{"start":{"line":108,"column":8},"end":{"line":108,"column":57}},"19":{"start":{"line":113,"column":8},"end":{"line":113,"column":66}},"20":{"start":{"line":117,"column":8},"end":{"line":117,"column":63}},"21":{"start":{"line":118,"column":8},"end":{"line":118,"column":35}}},"branchMap":{"1":{"line":50,"type":"if","locations":[{"start":{"line":50,"column":8},"end":{"line":50,"column":8}},{"start":{"line":50,"column":8},"end":{"line":50,"column":8}}]},"2":{"line":55,"type":"if","locations":[{"start":{"line":55,"column":8},"end":{"line":55,"column":8}},{"start":{"line":55,"column":8},"end":{"line":55,"column":8}}]},"3":{"line":60,"type":"if","locations":[{"start":{"line":60,"column":8},"end":{"line":60,"column":8}},{"start":{"line":60,"column":8},"end":{"line":60,"column":8}}]},"4":{"line":65,"type":"if","locations":[{"start":{"line":65,"column":49},"end":{"line":65,"column":49}},{"start":{"line":65,"column":49},"end":{"line":65,"column":49}}]},"5":{"line":66,"type":"if","locations":[{"start":{"line":66,"column":8},"end":{"line":66,"column":8}},{"start":{"line":66,"column":8},"end":{"line":66,"column":8}}]},"6":{"line":72,"type":"if","locations":[{"start":{"line":72,"column":55},"end":{"line":72,"column":55}},{"start":{"line":72,"column":55},"end":{"line":72,"column":55}}]},"7":{"line":73,"type":"if","locations":[{"start":{"line":73,"column":8},"end":{"line":73,"column":8}},{"start":{"line":73,"column":8},"end":{"line":73,"column":8}}]},"8":{"line":84,"type":"if","locations":[{"start":{"line":84,"column":15},"end":{"line":84,"column":15}},{"start":{"line":84,"column":15},"end":{"line":84,"column":15}}]},"9":{"line":85,"type":"if","locations":[{"start":{"line":85,"column":8},"end":{"line":85,"column":8}},{"start":{"line":85,"column":8},"end":{"line":85,"column":8}}]},"10":{"line":86,"type":"if","locations":[{"start":{"line":86,"column":8},"end":{"line":86,"column":8}},{"start":{"line":86,"column":8},"end":{"line":86,"column":8}}]},"11":{"line":87,"type":"if","locations":[{"start":{"line":87,"column":8},"end":{"line":87,"column":8}},{"start":{"line":87,"column":8},"end":{"line":87,"column":8}}]},"12":{"line":87,"type":"cond-expr","locations":[{"start":{"line":87,"column":12},"end":{"line":87,"column":26}},{"start":{"line":87,"column":31},"end":{"line":87,"column":46}}]},"13":{"line":88,"type":"if","locations":[{"start":{"line":88,"column":8},"end":{"line":88,"column":8}},{"start":{"line":88,"column":8},"end":{"line":88,"column":8}}]},"14":{"line":104,"type":"if","locations":[{"start":{"line":104,"column":66},"end":{"line":104,"column":66}},{"start":{"line":104,"column":66},"end":{"line":104,"column":66}}]},"15":{"line":105,"type":"if","locations":[{"start":{"line":105,"column":8},"end":{"line":105,"column":8}},{"start":{"line":105,"column":8},"end":{"line":105,"column":8}}]},"16":{"line":108,"type":"if","locations":[{"start":{"line":108,"column":8},"end":{"line":108,"column":8}},{"start":{"line":108,"column":8},"end":{"line":108,"column":8}}]},"17":{"line":117,"type":"if","locations":[{"start":{"line":117,"column":8},"end":{"line":117,"column":8}},{"start":{"line":117,"column":8},"end":{"line":117,"column":8}}]}}},"contracts\\StakingPool.sol":{"l":{"74":26,"75":24,"84":15,"85":13,"86":13,"87":13,"88":13,"89":13,"93":15,"94":14,"95":14,"96":14,"100":2,"101":1,"102":1,"103":1,"107":1,"108":1,"109":1,"113":17,"114":16,"116":15,"117":15,"118":14,"120":13,"121":13,"125":16,"126":16,"127":15,"128":14,"129":13,"131":12,"132":12,"134":12,"135":7,"136":7,"138":5,"139":5,"142":12,"146":7,"147":7,"148":7,"150":7,"151":7,"153":7,"154":7,"155":7,"156":7,"157":7,"159":7,"163":8,"164":8,"166":7,"167":7,"169":6,"170":6,"172":4,"174":4,"175":4,"176":4,"177":4,"179":4,"180":4,"182":3,"186":2,"187":2,"188":1,"190":1,"191":1,"193":1,"197":6,"198":6,"200":5,"201":5,"203":4,"204":4,"206":3,"207":3,"208":3,"209":3,"213":19,"214":19},"path":"C:\\Users\\Sythe\\OneDrive\\Documents\\matchmind Xlayer\\matchmind\\contracts\\StakingPool.sol","s":{"1":26,"2":15,"3":13,"4":13,"5":15,"6":14,"7":14,"8":2,"9":1,"10":1,"11":1,"12":1,"13":17,"14":16,"15":15,"16":15,"17":14,"18":13,"19":16,"20":16,"21":15,"22":14,"23":13,"24":12,"25":12,"26":12,"27":12,"28":7,"29":7,"30":7,"31":7,"32":7,"33":7,"34":7,"35":8,"36":8,"37":7,"38":7,"39":6,"40":6,"41":4,"42":4,"43":4,"44":4,"45":4,"46":3,"47":2,"48":1,"49":1,"50":1,"51":6,"52":6,"53":1,"54":5,"55":5,"56":1,"57":4,"58":4,"59":1,"60":3,"61":3,"62":3,"63":3,"64":19,"65":19},"b":{"1":[2,24],"2":[2,13],"3":[1,1],"4":[15,0],"5":[1,14],"6":[2,0],"7":[1,1],"8":[1,0],"9":[17,0],"10":[1,16],"11":[1,15],"12":[1,14],"13":[1,13],"14":[16,0],"15":[1,15],"16":[1,14],"17":[1,13],"18":[1,12],"19":[7,5],"20":[7,2],"21":[0,7],"22":[0,7],"23":[5,2],"24":[5,2],"25":[3,4],"26":[8,1],"27":[1,7],"28":[1,6],"29":[4,2],"30":[2,4],"31":[3,1],"32":[3,1],"33":[1,3],"34":[2,1],"35":[2,0],"36":[1,1],"37":[0,1],"38":[1,5],"39":[1,4],"40":[3,1],"41":[1,3],"42":[2,1],"43":[2,1],"44":[0,19]},"f":{"1":26,"2":15,"3":15,"4":2,"5":1,"6":17,"7":16,"8":7,"9":8,"10":2,"11":6,"12":19},"fnMap":{"1":{"name":"onlyResolver","line":73,"loc":{"start":{"line":73,"column":4},"end":{"line":76,"column":4}}},"2":{"name":"constructor","line":83,"loc":{"start":{"line":78,"column":4},"end":{"line":90,"column":4}}},"3":{"name":"setResolver","line":92,"loc":{"start":{"line":92,"column":4},"end":{"line":97,"column":4}}},"4":{"name":"setFeeRecipient","line":99,"loc":{"start":{"line":99,"column":4},"end":{"line":104,"column":4}}},"5":{"name":"setMinStake","line":106,"loc":{"start":{"line":106,"column":4},"end":{"line":110,"column":4}}},"6":{"name":"setKickoffTimestamp","line":112,"loc":{"start":{"line":112,"column":4},"end":{"line":122,"column":4}}},"7":{"name":"stake","line":124,"loc":{"start":{"line":124,"column":4},"end":{"line":143,"column":4}}},"8":{"name":"resolvePool","line":145,"loc":{"start":{"line":145,"column":4},"end":{"line":160,"column":4}}},"9":{"name":"claim","line":162,"loc":{"start":{"line":162,"column":4},"end":{"line":183,"column":4}}},"10":{"name":"withdrawFees","line":185,"loc":{"start":{"line":185,"column":4},"end":{"line":194,"column":4}}},"11":{"name":"previewClaim","line":196,"loc":{"start":{"line":196,"column":4},"end":{"line":210,"column":4}}},"12":{"name":"_toUint128","line":212,"loc":{"start":{"line":212,"column":4},"end":{"line":215,"column":4}}}},"statementMap":{"1":{"start":{"line":74,"column":8},"end":{"line":74,"column":57}},"2":{"start":{"line":84,"column":8},"end":{"line":84,"column":103}},"3":{"start":{"line":88,"column":8},"end":{"line":88,"column":65}},"4":{"start":{"line":89,"column":8},"end":{"line":89,"column":48}},"5":{"start":{"line":93,"column":8},"end":{"line":93,"column":59}},"6":{"start":{"line":94,"column":8},"end":{"line":94,"column":38}},"7":{"start":{"line":96,"column":8},"end":{"line":96,"column":54}},"8":{"start":{"line":100,"column":8},"end":{"line":100,"column":63}},"9":{"start":{"line":101,"column":8},"end":{"line":101,"column":46}},"10":{"start":{"line":103,"column":8},"end":{"line":103,"column":66}},"11":{"start":{"line":107,"column":8},"end":{"line":107,"column":38}},"12":{"start":{"line":109,"column":8},"end":{"line":109,"column":54}},"13":{"start":{"line":113,"column":8},"end":{"line":113,"column":72}},"14":{"start":{"line":114,"column":8},"end":{"line":114,"column":63}},"15":{"start":{"line":116,"column":8},"end":{"line":116,"column":42}},"16":{"start":{"line":117,"column":8},"end":{"line":117,"column":87}},"17":{"start":{"line":118,"column":8},"end":{"line":118,"column":55}},"18":{"start":{"line":121,"column":8},"end":{"line":121,"column":43}},"19":{"start":{"line":125,"column":8},"end":{"line":125,"column":42}},"20":{"start":{"line":126,"column":8},"end":{"line":126,"column":53}},"21":{"start":{"line":127,"column":8},"end":{"line":127,"column":66}},"22":{"start":{"line":128,"column":8},"end":{"line":128,"column":55}},"23":{"start":{"line":129,"column":8},"end":{"line":129,"column":56}},"24":{"start":{"line":131,"column":8},"end":{"line":131,"column":46}},"25":{"start":{"line":132,"column":8},"end":{"line":132,"column":65}},"26":{"start":{"line":134,"column":8},"end":{"line":134,"column":4723}},"27":{"start":{"line":142,"column":8},"end":{"line":142,"column":62}},"28":{"start":{"line":146,"column":8},"end":{"line":146,"column":42}},"29":{"start":{"line":147,"column":8},"end":{"line":147,"column":53}},"30":{"start":{"line":148,"column":8},"end":{"line":148,"column":55}},"31":{"start":{"line":153,"column":8},"end":{"line":153,"column":78}},"32":{"start":{"line":154,"column":8},"end":{"line":154,"column":77}},"33":{"start":{"line":155,"column":8},"end":{"line":155,"column":103}},"34":{"start":{"line":159,"column":8},"end":{"line":159,"column":87}},"35":{"start":{"line":163,"column":8},"end":{"line":163,"column":42}},"36":{"start":{"line":164,"column":8},"end":{"line":164,"column":52}},"37":{"start":{"line":166,"column":8},"end":{"line":166,"column":65}},"38":{"start":{"line":167,"column":8},"end":{"line":167,"column":54}},"39":{"start":{"line":169,"column":8},"end":{"line":169,"column":99}},"40":{"start":{"line":170,"column":8},"end":{"line":170,"column":57}},"41":{"start":{"line":174,"column":8},"end":{"line":174,"column":83}},"42":{"start":{"line":175,"column":8},"end":{"line":175,"column":82}},"43":{"start":{"line":176,"column":8},"end":{"line":176,"column":68}},"44":{"start":{"line":179,"column":8},"end":{"line":179,"column":56}},"45":{"start":{"line":180,"column":8},"end":{"line":180,"column":40}},"46":{"start":{"line":182,"column":8},"end":{"line":182,"column":55}},"47":{"start":{"line":187,"column":8},"end":{"line":187,"column":48}},"48":{"start":{"line":190,"column":8},"end":{"line":190,"column":58}},"49":{"start":{"line":191,"column":8},"end":{"line":191,"column":40}},"50":{"start":{"line":193,"column":8},"end":{"line":193,"column":48}},"51":{"start":{"line":197,"column":8},"end":{"line":197,"column":41}},"52":{"start":{"line":198,"column":8},"end":{"line":198,"column":36}},"53":{"start":{"line":198,"column":28},"end":{"line":198,"column":36}},"54":{"start":{"line":200,"column":8},"end":{"line":200,"column":58}},"55":{"start":{"line":201,"column":8},"end":{"line":201,"column":39}},"56":{"start":{"line":201,"column":31},"end":{"line":201,"column":39}},"57":{"start":{"line":203,"column":8},"end":{"line":203,"column":99}},"58":{"start":{"line":204,"column":8},"end":{"line":204,"column":42}},"59":{"start":{"line":204,"column":34},"end":{"line":204,"column":42}},"60":{"start":{"line":206,"column":8},"end":{"line":206,"column":83}},"61":{"start":{"line":207,"column":8},"end":{"line":207,"column":82}},"62":{"start":{"line":208,"column":8},"end":{"line":208,"column":68}},"63":{"start":{"line":209,"column":8},"end":{"line":209,"column":88}},"64":{"start":{"line":213,"column":8},"end":{"line":213,"column":61}},"65":{"start":{"line":214,"column":8},"end":{"line":214,"column":29}}},"branchMap":{"1":{"line":74,"type":"if","locations":[{"start":{"line":74,"column":8},"end":{"line":74,"column":8}},{"start":{"line":74,"column":8},"end":{"line":74,"column":8}}]},"2":{"line":84,"type":"if","locations":[{"start":{"line":84,"column":8},"end":{"line":84,"column":8}},{"start":{"line":84,"column":8},"end":{"line":84,"column":8}}]},"3":{"line":84,"type":"cond-expr","locations":[{"start":{"line":84,"column":12},"end":{"line":84,"column":43}},{"start":{"line":84,"column":48},"end":{"line":84,"column":80}}]},"4":{"line":92,"type":"if","locations":[{"start":{"line":92,"column":55},"end":{"line":92,"column":55}},{"start":{"line":92,"column":55},"end":{"line":92,"column":55}}]},"5":{"line":93,"type":"if","locations":[{"start":{"line":93,"column":8},"end":{"line":93,"column":8}},{"start":{"line":93,"column":8},"end":{"line":93,"column":8}}]},"6":{"line":99,"type":"if","locations":[{"start":{"line":99,"column":63},"end":{"line":99,"column":63}},{"start":{"line":99,"column":63},"end":{"line":99,"column":63}}]},"7":{"line":100,"type":"if","locations":[{"start":{"line":100,"column":8},"end":{"line":100,"column":8}},{"start":{"line":100,"column":8},"end":{"line":100,"column":8}}]},"8":{"line":106,"type":"if","locations":[{"start":{"line":106,"column":55},"end":{"line":106,"column":55}},{"start":{"line":106,"column":55},"end":{"line":106,"column":55}}]},"9":{"line":112,"type":"if","locations":[{"start":{"line":112,"column":75},"end":{"line":112,"column":75}},{"start":{"line":112,"column":75},"end":{"line":112,"column":75}}]},"10":{"line":113,"type":"if","locations":[{"start":{"line":113,"column":8},"end":{"line":113,"column":8}},{"start":{"line":113,"column":8},"end":{"line":113,"column":8}}]},"11":{"line":114,"type":"if","locations":[{"start":{"line":114,"column":8},"end":{"line":114,"column":8}},{"start":{"line":114,"column":8},"end":{"line":114,"column":8}}]},"12":{"line":117,"type":"if","locations":[{"start":{"line":117,"column":8},"end":{"line":117,"column":8}},{"start":{"line":117,"column":8},"end":{"line":117,"column":8}}]},"13":{"line":118,"type":"if","locations":[{"start":{"line":118,"column":8},"end":{"line":118,"column":8}},{"start":{"line":118,"column":8},"end":{"line":118,"column":8}}]},"14":{"line":124,"type":"if","locations":[{"start":{"line":124,"column":64},"end":{"line":124,"column":64}},{"start":{"line":124,"column":64},"end":{"line":124,"column":64}}]},"15":{"line":126,"type":"if","locations":[{"start":{"line":126,"column":8},"end":{"line":126,"column":8}},{"start":{"line":126,"column":8},"end":{"line":126,"column":8}}]},"16":{"line":127,"type":"if","locations":[{"start":{"line":127,"column":8},"end":{"line":127,"column":8}},{"start":{"line":127,"column":8},"end":{"line":127,"column":8}}]},"17":{"line":128,"type":"if","locations":[{"start":{"line":128,"column":8},"end":{"line":128,"column":8}},{"start":{"line":128,"column":8},"end":{"line":128,"column":8}}]},"18":{"line":129,"type":"if","locations":[{"start":{"line":129,"column":8},"end":{"line":129,"column":8}},{"start":{"line":129,"column":8},"end":{"line":129,"column":8}}]},"19":{"line":134,"type":"if","locations":[{"start":{"line":134,"column":8},"end":{"line":134,"column":8}},{"start":{"line":134,"column":8},"end":{"line":134,"column":8}}]},"20":{"line":145,"type":"if","locations":[{"start":{"line":145,"column":70},"end":{"line":145,"column":70}},{"start":{"line":145,"column":70},"end":{"line":145,"column":70}}]},"21":{"line":147,"type":"if","locations":[{"start":{"line":147,"column":8},"end":{"line":147,"column":8}},{"start":{"line":147,"column":8},"end":{"line":147,"column":8}}]},"22":{"line":148,"type":"if","locations":[{"start":{"line":148,"column":8},"end":{"line":148,"column":8}},{"start":{"line":148,"column":8},"end":{"line":148,"column":8}}]},"23":{"line":153,"type":"if","locations":[{"start":{"line":153,"column":45},"end":{"line":153,"column":60}},{"start":{"line":153,"column":64},"end":{"line":153,"column":77}}]},"24":{"line":154,"type":"if","locations":[{"start":{"line":154,"column":44},"end":{"line":154,"column":57}},{"start":{"line":154,"column":61},"end":{"line":154,"column":76}}]},"25":{"line":155,"type":"if","locations":[{"start":{"line":155,"column":41},"end":{"line":155,"column":50}},{"start":{"line":155,"column":54},"end":{"line":155,"column":102}}]},"26":{"line":162,"type":"if","locations":[{"start":{"line":162,"column":45},"end":{"line":162,"column":45}},{"start":{"line":162,"column":45},"end":{"line":162,"column":45}}]},"27":{"line":164,"type":"if","locations":[{"start":{"line":164,"column":8},"end":{"line":164,"column":8}},{"start":{"line":164,"column":8},"end":{"line":164,"column":8}}]},"28":{"line":167,"type":"if","locations":[{"start":{"line":167,"column":8},"end":{"line":167,"column":8}},{"start":{"line":167,"column":8},"end":{"line":167,"column":8}}]},"29":{"line":169,"type":"if","locations":[{"start":{"line":169,"column":54},"end":{"line":169,"column":75}},{"start":{"line":169,"column":79},"end":{"line":169,"column":98}}]},"30":{"line":170,"type":"if","locations":[{"start":{"line":170,"column":8},"end":{"line":170,"column":8}},{"start":{"line":170,"column":8},"end":{"line":170,"column":8}}]},"31":{"line":174,"type":"if","locations":[{"start":{"line":174,"column":50},"end":{"line":174,"column":65}},{"start":{"line":174,"column":69},"end":{"line":174,"column":82}}]},"32":{"line":175,"type":"if","locations":[{"start":{"line":175,"column":49},"end":{"line":175,"column":62}},{"start":{"line":175,"column":66},"end":{"line":175,"column":81}}]},"33":{"line":180,"type":"if","locations":[{"start":{"line":180,"column":8},"end":{"line":180,"column":8}},{"start":{"line":180,"column":8},"end":{"line":180,"column":8}}]},"34":{"line":185,"type":"if","locations":[{"start":{"line":185,"column":37},"end":{"line":185,"column":37}},{"start":{"line":185,"column":37},"end":{"line":185,"column":37}}]},"35":{"line":185,"type":"if","locations":[{"start":{"line":185,"column":47},"end":{"line":185,"column":47}},{"start":{"line":185,"column":47},"end":{"line":185,"column":47}}]},"36":{"line":187,"type":"if","locations":[{"start":{"line":187,"column":8},"end":{"line":187,"column":8}},{"start":{"line":187,"column":8},"end":{"line":187,"column":8}}]},"37":{"line":191,"type":"if","locations":[{"start":{"line":191,"column":8},"end":{"line":191,"column":8}},{"start":{"line":191,"column":8},"end":{"line":191,"column":8}}]},"38":{"line":198,"type":"if","locations":[{"start":{"line":198,"column":8},"end":{"line":198,"column":8}},{"start":{"line":198,"column":8},"end":{"line":198,"column":8}}]},"39":{"line":201,"type":"if","locations":[{"start":{"line":201,"column":8},"end":{"line":201,"column":8}},{"start":{"line":201,"column":8},"end":{"line":201,"column":8}}]},"40":{"line":203,"type":"if","locations":[{"start":{"line":203,"column":54},"end":{"line":203,"column":75}},{"start":{"line":203,"column":79},"end":{"line":203,"column":98}}]},"41":{"line":204,"type":"if","locations":[{"start":{"line":204,"column":8},"end":{"line":204,"column":8}},{"start":{"line":204,"column":8},"end":{"line":204,"column":8}}]},"42":{"line":206,"type":"if","locations":[{"start":{"line":206,"column":50},"end":{"line":206,"column":65}},{"start":{"line":206,"column":69},"end":{"line":206,"column":82}}]},"43":{"line":207,"type":"if","locations":[{"start":{"line":207,"column":49},"end":{"line":207,"column":62}},{"start":{"line":207,"column":66},"end":{"line":207,"column":81}}]},"44":{"line":213,"type":"if","locations":[{"start":{"line":213,"column":8},"end":{"line":213,"column":8}},{"start":{"line":213,"column":8},"end":{"line":213,"column":8}}]}}}}